<?xml version="1.0" encoding="UTF-8"?>
<!-- Generated by org.testng.reporters.JUnitReportReporter -->
<testsuite skipped="1" hostname="LAPTOP-INNB72O5" name="com.inetBanking.TestCases.TC_LoginTest_01" tests="1" failures="0" timestamp="11 Apr 2020 12:37:18 GMT" time="0.000" errors="0">
  <testcase name="loginDDT" time="0.000" classname="com.inetBanking.TestCases.TC_LoginTest_01">
    <skipped/>
  </testcase> <!-- loginDDT -->
</testsuite> <!-- com.inetBanking.TestCases.TC_LoginTest_01 -->
