<?xml version="1.0" encoding="UTF-8"?>
<!-- Generated by org.testng.reporters.JUnitReportReporter -->
<testsuite skipped="0" hostname="LAPTOP-INNB72O5" name="com.inetBanking.TestCases.TC_LoginTest_DDT" tests="5" failures="0" timestamp="18 Apr 2020 13:56:04 GMT" time="28.418" errors="0">
  <testcase name="loginDDT" time="3.471" classname="com.inetBanking.TestCases.TC_LoginTest_DDT"/>
  <testcase name="loginDDT" time="2.045" classname="com.inetBanking.TestCases.TC_LoginTest_DDT"/>
  <testcase name="loginDDT" time="1.738" classname="com.inetBanking.TestCases.TC_LoginTest_DDT"/>
  <testcase name="loginDDT" time="18.439" classname="com.inetBanking.TestCases.TC_LoginTest_DDT"/>
  <testcase name="loginDDT" time="2.725" classname="com.inetBanking.TestCases.TC_LoginTest_DDT"/>
</testsuite> <!-- com.inetBanking.TestCases.TC_LoginTest_DDT -->
